2020-08-27 17:12:41.580  INFO 15172 --- [main] com.example.demo.SareetaApplication      : Starting SareetaApplication on LAPTOP-TTORPG8U with PID 15172 (started by Maddy in C:\Users\Maddy\Desktop\Udacity\Course - 4\Ecommerce Application)
2020-08-27 17:12:41.587  INFO 15172 --- [main] com.example.demo.SareetaApplication      : No active profile set, falling back to default profiles: default
2020-08-27 17:12:42.363  INFO 15172 --- [main] .s.d.r.c.RepositoryConfigurationDelegate : Bootstrapping Spring Data repositories in DEFAULT mode.
2020-08-27 17:12:42.417  INFO 15172 --- [main] .s.d.r.c.RepositoryConfigurationDelegate : Finished Spring Data repository scanning in 45ms. Found 4 repository interfaces.
2020-08-27 17:12:42.914  INFO 15172 --- [main] trationDelegate$BeanPostProcessorChecker : Bean 'org.springframework.transaction.annotation.ProxyTransactionManagementConfiguration' of type [org.springframework.transaction.annotation.ProxyTransactionManagementConfiguration$$EnhancerBySpringCGLIB$$612689f9] is not eligible for getting processed by all BeanPostProcessors (for example: not eligible for auto-proxying)
2020-08-27 17:12:43.187  INFO 15172 --- [main] o.s.b.w.embedded.tomcat.TomcatWebServer  : Tomcat initialized with port(s): 8080 (http)
2020-08-27 17:12:43.222  INFO 15172 --- [main] o.apache.catalina.core.StandardService   : Starting service [Tomcat]
2020-08-27 17:12:43.223  INFO 15172 --- [main] org.apache.catalina.core.StandardEngine  : Starting Servlet engine: [Apache Tomcat/9.0.19]
2020-08-27 17:12:43.325  INFO 15172 --- [main] o.a.c.c.C.[Tomcat].[localhost].[/]       : Initializing Spring embedded WebApplicationContext
2020-08-27 17:12:43.325  INFO 15172 --- [main] o.s.web.context.ContextLoader            : Root WebApplicationContext: initialization completed in 1653 ms
2020-08-27 17:12:43.532  INFO 15172 --- [main] com.zaxxer.hikari.HikariDataSource       : HikariPool-1 - Starting...
2020-08-27 17:12:43.704  INFO 15172 --- [main] com.zaxxer.hikari.HikariDataSource       : HikariPool-1 - Start completed.
2020-08-27 17:12:43.783  INFO 15172 --- [main] o.hibernate.jpa.internal.util.LogHelper  : HHH000204: Processing PersistenceUnitInfo [
	name: default
	...]
2020-08-27 17:12:43.879  INFO 15172 --- [main] org.hibernate.Version                    : HHH000412: Hibernate Core {5.3.10.Final}
2020-08-27 17:12:43.881  INFO 15172 --- [main] org.hibernate.cfg.Environment            : HHH000206: hibernate.properties not found
2020-08-27 17:12:44.068  INFO 15172 --- [main] o.hibernate.annotations.common.Version   : HCANN000001: Hibernate Commons Annotations {5.0.4.Final}
2020-08-27 17:12:44.231  INFO 15172 --- [main] org.hibernate.dialect.Dialect            : HHH000400: Using dialect: org.hibernate.dialect.H2Dialect
2020-08-27 17:12:45.033  INFO 15172 --- [main] j.LocalContainerEntityManagerFactoryBean : Initialized JPA EntityManagerFactory for persistence unit 'default'
2020-08-27 17:12:45.731  INFO 15172 --- [main] o.s.s.web.DefaultSecurityFilterChain     : Creating filter chain: any request, [org.springframework.security.web.context.request.async.WebAsyncManagerIntegrationFilter@464f0efa, org.springframework.security.web.context.SecurityContextPersistenceFilter@2c6b3179, org.springframework.security.web.header.HeaderWriterFilter@3bdce990, org.springframework.web.filter.CorsFilter@78ea9795, org.springframework.security.web.authentication.logout.LogoutFilter@10334db9, com.example.demo.security.JWTAuthenticationFilter@22e463db, com.example.demo.security.JWTAuthorizationFilter@341b4733, org.springframework.security.web.savedrequest.RequestCacheAwareFilter@4dbb25c3, org.springframework.security.web.servletapi.SecurityContextHolderAwareRequestFilter@38b40141, org.springframework.security.web.authentication.AnonymousAuthenticationFilter@a9da794, org.springframework.security.web.session.SessionManagementFilter@445ff240, org.springframework.security.web.access.ExceptionTranslationFilter@3d4caa71, org.springframework.security.web.access.intercept.FilterSecurityInterceptor@565f1e72]
2020-08-27 17:12:45.902  INFO 15172 --- [main] o.s.s.concurrent.ThreadPoolTaskExecutor  : Initializing ExecutorService 'applicationTaskExecutor'
2020-08-27 17:12:45.948  WARN 15172 --- [main] aWebConfiguration$JpaWebMvcConfiguration : spring.jpa.open-in-view is enabled by default. Therefore, database queries may be performed during view rendering. Explicitly configure spring.jpa.open-in-view to disable this warning
2020-08-27 17:12:46.186  INFO 15172 --- [main] o.s.b.w.embedded.tomcat.TomcatWebServer  : Tomcat started on port(s): 8080 (http) with context path ''
2020-08-27 17:12:46.189  INFO 15172 --- [main] com.example.demo.SareetaApplication      : Started SareetaApplication in 5.047 seconds (JVM running for 12.71)
2020-08-27 17:13:25.724  INFO 15172 --- [http-nio-8080-exec-1] o.a.c.c.C.[Tomcat].[localhost].[/]       : Initializing Spring DispatcherServlet 'dispatcherServlet'
2020-08-27 17:13:25.724  INFO 15172 --- [http-nio-8080-exec-1] o.s.web.servlet.DispatcherServlet        : Initializing Servlet 'dispatcherServlet'
2020-08-27 17:13:25.734  INFO 15172 --- [http-nio-8080-exec-1] o.s.web.servlet.DispatcherServlet        : Completed initialization in 10 ms
2020-08-27 17:56:06.038  INFO 12564 --- [main] com.example.demo.SareetaApplication      : Starting SareetaApplication on LAPTOP-TTORPG8U with PID 12564 (started by Maddy in C:\Users\Maddy\Desktop\Udacity\Course - 4\Ecommerce Application)
2020-08-27 17:56:06.041  INFO 12564 --- [main] com.example.demo.SareetaApplication      : No active profile set, falling back to default profiles: default
2020-08-27 17:56:07.003  INFO 12564 --- [main] .s.d.r.c.RepositoryConfigurationDelegate : Bootstrapping Spring Data repositories in DEFAULT mode.
2020-08-27 17:56:07.077  INFO 12564 --- [main] .s.d.r.c.RepositoryConfigurationDelegate : Finished Spring Data repository scanning in 58ms. Found 4 repository interfaces.
2020-08-27 17:56:07.651  INFO 12564 --- [main] trationDelegate$BeanPostProcessorChecker : Bean 'org.springframework.transaction.annotation.ProxyTransactionManagementConfiguration' of type [org.springframework.transaction.annotation.ProxyTransactionManagementConfiguration$$EnhancerBySpringCGLIB$$148f9570] is not eligible for getting processed by all BeanPostProcessors (for example: not eligible for auto-proxying)
2020-08-27 17:56:07.924  INFO 12564 --- [main] o.s.b.w.embedded.tomcat.TomcatWebServer  : Tomcat initialized with port(s): 8080 (http)
2020-08-27 17:56:07.958  INFO 12564 --- [main] o.apache.catalina.core.StandardService   : Starting service [Tomcat]
2020-08-27 17:56:07.959  INFO 12564 --- [main] org.apache.catalina.core.StandardEngine  : Starting Servlet engine: [Apache Tomcat/9.0.19]
2020-08-27 17:56:08.049  INFO 12564 --- [main] o.a.c.c.C.[Tomcat].[localhost].[/]       : Initializing Spring embedded WebApplicationContext
2020-08-27 17:56:08.050  INFO 12564 --- [main] o.s.web.context.ContextLoader            : Root WebApplicationContext: initialization completed in 1956 ms
2020-08-27 17:56:08.222  INFO 12564 --- [main] com.zaxxer.hikari.HikariDataSource       : HikariPool-1 - Starting...
2020-08-27 17:56:08.367  INFO 12564 --- [main] com.zaxxer.hikari.HikariDataSource       : HikariPool-1 - Start completed.
2020-08-27 17:56:08.425  INFO 12564 --- [main] o.hibernate.jpa.internal.util.LogHelper  : HHH000204: Processing PersistenceUnitInfo [
	name: default
	...]
2020-08-27 17:56:08.510  INFO 12564 --- [main] org.hibernate.Version                    : HHH000412: Hibernate Core {5.3.10.Final}
2020-08-27 17:56:08.512  INFO 12564 --- [main] org.hibernate.cfg.Environment            : HHH000206: hibernate.properties not found
2020-08-27 17:56:08.697  INFO 12564 --- [main] o.hibernate.annotations.common.Version   : HCANN000001: Hibernate Commons Annotations {5.0.4.Final}
2020-08-27 17:56:08.934  INFO 12564 --- [main] org.hibernate.dialect.Dialect            : HHH000400: Using dialect: org.hibernate.dialect.H2Dialect
2020-08-27 17:56:09.590  INFO 12564 --- [main] j.LocalContainerEntityManagerFactoryBean : Initialized JPA EntityManagerFactory for persistence unit 'default'
2020-08-27 17:56:10.158  INFO 12564 --- [main] o.s.s.web.DefaultSecurityFilterChain     : Creating filter chain: any request, [org.springframework.security.web.context.request.async.WebAsyncManagerIntegrationFilter@100919db, org.springframework.security.web.context.SecurityContextPersistenceFilter@58fae44e, org.springframework.security.web.header.HeaderWriterFilter@350c39bf, org.springframework.web.filter.CorsFilter@3640efa0, org.springframework.security.web.authentication.logout.LogoutFilter@4a7427ec, com.example.demo.security.JWTAuthenticationFilter@448561ea, com.example.demo.security.JWTAuthorizationFilter@4b58af89, org.springframework.security.web.savedrequest.RequestCacheAwareFilter@77109da9, org.springframework.security.web.servletapi.SecurityContextHolderAwareRequestFilter@f21893b, org.springframework.security.web.authentication.AnonymousAuthenticationFilter@1347b0f8, org.springframework.security.web.session.SessionManagementFilter@23958bb9, org.springframework.security.web.access.ExceptionTranslationFilter@7e3d45c5, org.springframework.security.web.access.intercept.FilterSecurityInterceptor@46b50f72]
2020-08-27 17:56:10.324  INFO 12564 --- [main] o.s.s.concurrent.ThreadPoolTaskExecutor  : Initializing ExecutorService 'applicationTaskExecutor'
2020-08-27 17:56:10.380  WARN 12564 --- [main] aWebConfiguration$JpaWebMvcConfiguration : spring.jpa.open-in-view is enabled by default. Therefore, database queries may be performed during view rendering. Explicitly configure spring.jpa.open-in-view to disable this warning
2020-08-27 17:56:10.594 ERROR 12564 --- [main] org.apache.catalina.util.LifecycleBase   : Failed to start component [Connector[HTTP/1.1-8080]]

org.apache.catalina.LifecycleException: Protocol handler start failed
	at org.apache.catalina.connector.Connector.startInternal(Connector.java:1008)
	at org.apache.catalina.util.LifecycleBase.start(LifecycleBase.java:183)
	at org.apache.catalina.core.StandardService.addConnector(StandardService.java:226)
	at org.springframework.boot.web.embedded.tomcat.TomcatWebServer.addPreviouslyRemovedConnectors(TomcatWebServer.java:259)
	at org.springframework.boot.web.embedded.tomcat.TomcatWebServer.start(TomcatWebServer.java:197)
	at org.springframework.boot.web.servlet.context.ServletWebServerApplicationContext.startWebServer(ServletWebServerApplicationContext.java:311)
	at org.springframework.boot.web.servlet.context.ServletWebServerApplicationContext.finishRefresh(ServletWebServerApplicationContext.java:164)
	at org.springframework.context.support.AbstractApplicationContext.refresh(AbstractApplicationContext.java:552)
	at org.springframework.boot.web.servlet.context.ServletWebServerApplicationContext.refresh(ServletWebServerApplicationContext.java:142)
	at org.springframework.boot.SpringApplication.refresh(SpringApplication.java:775)
	at org.springframework.boot.SpringApplication.refreshContext(SpringApplication.java:397)
	at org.springframework.boot.SpringApplication.run(SpringApplication.java:316)
	at org.springframework.boot.SpringApplication.run(SpringApplication.java:1260)
	at org.springframework.boot.SpringApplication.run(SpringApplication.java:1248)
	at com.example.demo.SareetaApplication.main(SareetaApplication.java:22)
	at java.base/jdk.internal.reflect.NativeMethodAccessorImpl.invoke0(Native Method)
	at java.base/jdk.internal.reflect.NativeMethodAccessorImpl.invoke(NativeMethodAccessorImpl.java:62)
	at java.base/jdk.internal.reflect.DelegatingMethodAccessorImpl.invoke(DelegatingMethodAccessorImpl.java:43)
	at java.base/java.lang.reflect.Method.invoke(Method.java:564)
	at org.springframework.boot.maven.AbstractRunMojo$LaunchRunner.run(AbstractRunMojo.java:558)
	at java.base/java.lang.Thread.run(Thread.java:832)
Caused by: java.net.BindException: Address already in use: bind
	at java.base/sun.nio.ch.Net.bind0(Native Method)
	at java.base/sun.nio.ch.Net.bind(Net.java:479)
	at java.base/sun.nio.ch.Net.bind(Net.java:468)
	at java.base/sun.nio.ch.ServerSocketChannelImpl.bind(ServerSocketChannelImpl.java:220)
	at java.base/sun.nio.ch.ServerSocketAdaptor.bind(ServerSocketAdaptor.java:88)
	at org.apache.tomcat.util.net.NioEndpoint.initServerSocket(NioEndpoint.java:239)
	at org.apache.tomcat.util.net.NioEndpoint.bind(NioEndpoint.java:213)
	at org.apache.tomcat.util.net.AbstractEndpoint.bindWithCleanup(AbstractEndpoint.java:1116)
	at org.apache.tomcat.util.net.AbstractEndpoint.start(AbstractEndpoint.java:1202)
	at org.apache.coyote.AbstractProtocol.start(AbstractProtocol.java:568)
	at org.apache.catalina.connector.Connector.startInternal(Connector.java:1005)
	... 20 common frames omitted

2020-08-27 17:56:10.599  INFO 12564 --- [main] o.apache.catalina.core.StandardService   : Stopping service [Tomcat]
2020-08-27 17:56:10.607  INFO 12564 --- [main] ConditionEvaluationReportLoggingListener : 

Error starting ApplicationContext. To display the conditions report re-run your application with 'debug' enabled.
2020-08-27 17:56:10.609 ERROR 12564 --- [main] o.s.b.d.LoggingFailureAnalysisReporter   : 

***************************
APPLICATION FAILED TO START
***************************

Description:

The Tomcat connector configured to listen on port 8080 failed to start. The port may already be in use or the connector may be misconfigured.

Action:

Verify the connector's configuration, identify and stop any process that's listening on port 8080, or configure this application to listen on another port.

2020-08-27 17:56:10.611  INFO 12564 --- [main] o.s.s.concurrent.ThreadPoolTaskExecutor  : Shutting down ExecutorService 'applicationTaskExecutor'
2020-08-27 17:56:10.611  INFO 12564 --- [main] j.LocalContainerEntityManagerFactoryBean : Closing JPA EntityManagerFactory for persistence unit 'default'
2020-08-27 17:56:10.613  INFO 12564 --- [main] com.zaxxer.hikari.HikariDataSource       : HikariPool-1 - Shutdown initiated...
2020-08-27 17:56:10.617  INFO 12564 --- [main] com.zaxxer.hikari.HikariDataSource       : HikariPool-1 - Shutdown completed.
2020-08-27 18:26:02.188  INFO   --- [main] .b.t.c.SpringBootTestContextBootstrapper : Neither @ContextConfiguration nor @ContextHierarchy found for test class [com.example.demo.SareetaApplicationTests], using SpringBootContextLoader
2020-08-27 18:26:02.196  INFO   --- [main] o.s.t.c.support.AbstractContextLoader    : Could not detect default resource locations for test class [com.example.demo.SareetaApplicationTests]: no resource found for suffixes {-context.xml, Context.groovy}.
2020-08-27 18:26:02.197  INFO   --- [main] t.c.s.AnnotationConfigContextLoaderUtils : Could not detect default configuration classes for test class [com.example.demo.SareetaApplicationTests]: SareetaApplicationTests does not declare any static, non-private, non-final, nested classes annotated with @Configuration.
2020-08-27 18:26:02.301  INFO   --- [main] .b.t.c.SpringBootTestContextBootstrapper : Found @SpringBootConfiguration com.example.demo.SareetaApplication for test class com.example.demo.SareetaApplicationTests
2020-08-27 18:26:02.410  INFO   --- [main] .b.t.c.SpringBootTestContextBootstrapper : Loaded default TestExecutionListener class names from location [META-INF/spring.factories]: [org.springframework.boot.test.mock.mockito.MockitoTestExecutionListener, org.springframework.boot.test.mock.mockito.ResetMocksTestExecutionListener, org.springframework.boot.test.autoconfigure.restdocs.RestDocsTestExecutionListener, org.springframework.boot.test.autoconfigure.web.client.MockRestServiceServerResetTestExecutionListener, org.springframework.boot.test.autoconfigure.web.servlet.MockMvcPrintOnlyOnFailureTestExecutionListener, org.springframework.boot.test.autoconfigure.web.servlet.WebDriverTestExecutionListener, org.springframework.test.context.web.ServletTestExecutionListener, org.springframework.test.context.support.DirtiesContextBeforeModesTestExecutionListener, org.springframework.test.context.support.DependencyInjectionTestExecutionListener, org.springframework.test.context.support.DirtiesContextTestExecutionListener, org.springframework.test.context.transaction.TransactionalTestExecutionListener, org.springframework.test.context.jdbc.SqlScriptsTestExecutionListener]
2020-08-27 18:26:02.426  INFO   --- [main] .b.t.c.SpringBootTestContextBootstrapper : Using TestExecutionListeners: [org.springframework.test.context.web.ServletTestExecutionListener@72d6b3ba, org.springframework.test.context.support.DirtiesContextBeforeModesTestExecutionListener@1787f2a0, org.springframework.boot.test.mock.mockito.MockitoTestExecutionListener@7de62196, org.springframework.boot.test.autoconfigure.SpringBootDependencyInjectionTestExecutionListener@163370c2, org.springframework.test.context.support.DirtiesContextTestExecutionListener@51bf5add, org.springframework.test.context.transaction.TransactionalTestExecutionListener@7905a0b8, org.springframework.test.context.jdbc.SqlScriptsTestExecutionListener@35a3d49f, org.springframework.boot.test.mock.mockito.ResetMocksTestExecutionListener@389b0789, org.springframework.boot.test.autoconfigure.restdocs.RestDocsTestExecutionListener@13d9cbf5, org.springframework.boot.test.autoconfigure.web.client.MockRestServiceServerResetTestExecutionListener@478db956, org.springframework.boot.test.autoconfigure.web.servlet.MockMvcPrintOnlyOnFailureTestExecutionListener@6ca18a14, org.springframework.boot.test.autoconfigure.web.servlet.WebDriverTestExecutionListener@c667f46]
2020-08-27 18:26:02.728  INFO 16300 --- [main] c.example.demo.SareetaApplicationTests   : Starting SareetaApplicationTests on LAPTOP-TTORPG8U with PID 16300 (started by Maddy in C:\Users\Maddy\Desktop\Udacity\Course - 4\Ecommerce Application)
2020-08-27 18:26:02.729  INFO 16300 --- [main] c.example.demo.SareetaApplicationTests   : No active profile set, falling back to default profiles: default
2020-08-27 18:26:03.346  INFO 16300 --- [main] .s.d.r.c.RepositoryConfigurationDelegate : Bootstrapping Spring Data repositories in DEFAULT mode.
2020-08-27 18:26:03.407  INFO 16300 --- [main] .s.d.r.c.RepositoryConfigurationDelegate : Finished Spring Data repository scanning in 55ms. Found 4 repository interfaces.
2020-08-27 18:26:03.952  INFO 16300 --- [main] trationDelegate$BeanPostProcessorChecker : Bean 'org.springframework.transaction.annotation.ProxyTransactionManagementConfiguration' of type [org.springframework.transaction.annotation.ProxyTransactionManagementConfiguration$$EnhancerBySpringCGLIB$$2a95f362] is not eligible for getting processed by all BeanPostProcessors (for example: not eligible for auto-proxying)
2020-08-27 18:26:04.220  INFO 16300 --- [main] com.zaxxer.hikari.HikariDataSource       : HikariPool-1 - Starting...
2020-08-27 18:26:04.417  INFO 16300 --- [main] com.zaxxer.hikari.HikariDataSource       : HikariPool-1 - Start completed.
2020-08-27 18:26:04.514  INFO 16300 --- [main] o.hibernate.jpa.internal.util.LogHelper  : HHH000204: Processing PersistenceUnitInfo [
	name: default
	...]
2020-08-27 18:26:04.637  INFO 16300 --- [main] org.hibernate.Version                    : HHH000412: Hibernate Core {5.3.10.Final}
2020-08-27 18:26:04.639  INFO 16300 --- [main] org.hibernate.cfg.Environment            : HHH000206: hibernate.properties not found
2020-08-27 18:26:04.824  INFO 16300 --- [main] o.hibernate.annotations.common.Version   : HCANN000001: Hibernate Commons Annotations {5.0.4.Final}
2020-08-27 18:26:05.004  INFO 16300 --- [main] org.hibernate.dialect.Dialect            : HHH000400: Using dialect: org.hibernate.dialect.H2Dialect
2020-08-27 18:26:05.861  INFO 16300 --- [main] j.LocalContainerEntityManagerFactoryBean : Initialized JPA EntityManagerFactory for persistence unit 'default'
2020-08-27 18:26:06.913  INFO 16300 --- [main] o.s.s.web.DefaultSecurityFilterChain     : Creating filter chain: any request, [org.springframework.security.web.context.request.async.WebAsyncManagerIntegrationFilter@6719f206, org.springframework.security.web.context.SecurityContextPersistenceFilter@7bfcc108, org.springframework.security.web.header.HeaderWriterFilter@6ed7b9c5, org.springframework.web.filter.CorsFilter@5ae16aa, org.springframework.security.web.authentication.logout.LogoutFilter@6ef61cd0, com.example.demo.security.JWTAuthenticationFilter@344a065a, com.example.demo.security.JWTAuthorizationFilter@3051e476, org.springframework.security.web.savedrequest.RequestCacheAwareFilter@5c316230, org.springframework.security.web.servletapi.SecurityContextHolderAwareRequestFilter@1885dc2b, org.springframework.security.web.authentication.AnonymousAuthenticationFilter@1870b9b8, org.springframework.security.web.session.SessionManagementFilter@7f8cd5fc, org.springframework.security.web.access.ExceptionTranslationFilter@3ffa0f38, org.springframework.security.web.access.intercept.FilterSecurityInterceptor@64887fbc]
2020-08-27 18:26:07.476  INFO 16300 --- [main] o.s.s.concurrent.ThreadPoolTaskExecutor  : Initializing ExecutorService 'applicationTaskExecutor'
2020-08-27 18:26:07.532  WARN 16300 --- [main] aWebConfiguration$JpaWebMvcConfiguration : spring.jpa.open-in-view is enabled by default. Therefore, database queries may be performed during view rendering. Explicitly configure spring.jpa.open-in-view to disable this warning
2020-08-27 18:26:07.941  INFO 16300 --- [main] c.example.demo.SareetaApplicationTests   : Started SareetaApplicationTests in 5.463 seconds (JVM running for 6.399)
2020-08-27 18:26:08.103  INFO 16300 --- [Thread-2] o.s.s.concurrent.ThreadPoolTaskExecutor  : Shutting down ExecutorService 'applicationTaskExecutor'
2020-08-27 18:26:08.105  INFO 16300 --- [Thread-2] j.LocalContainerEntityManagerFactoryBean : Closing JPA EntityManagerFactory for persistence unit 'default'
2020-08-27 18:26:08.107  INFO 16300 --- [Thread-2] com.zaxxer.hikari.HikariDataSource       : HikariPool-1 - Shutdown initiated...
2020-08-27 18:26:08.109  INFO 16300 --- [Thread-2] com.zaxxer.hikari.HikariDataSource       : HikariPool-1 - Shutdown completed.
2020-08-27 18:27:42.945  INFO   --- [main] c.e.demo.controllers.UserController      : Username assigned as "test"
2020-08-27 18:27:42.947 ERROR   --- [main] c.e.demo.controllers.UserController      : Password must not be empty, must match and must be a minimum of 7 characters. Cannot create test
2020-08-27 18:27:42.961 ERROR   --- [main] c.e.demo.controllers.UserController      : User not found with "test2"
2020-08-27 18:27:42.961  INFO   --- [main] c.e.demo.controllers.UserController      : Username assigned as "test3"
2020-08-27 18:27:42.962  INFO   --- [main] c.e.demo.controllers.UserController      : "test3" created successfully
2020-08-27 18:27:42.963  INFO   --- [main] c.e.demo.controllers.UserController      : Username assigned as "test1"
2020-08-27 18:27:42.963  INFO   --- [main] c.e.demo.controllers.UserController      : "test1" created successfully
2020-08-27 18:27:42.964  INFO   --- [main] c.e.demo.controllers.UserController      : Username assigned as "test"
2020-08-27 18:27:42.964  INFO   --- [main] c.e.demo.controllers.UserController      : "test" created successfully
2020-08-27 18:27:42.990 ERROR   --- [main] c.e.demo.controllers.ItemController      : No item found for the specified item name "iWatch"
2020-08-27 18:27:42.992 ERROR   --- [main] c.e.demo.controllers.CartController      : Cart could not be added, "test" not found
2020-08-27 18:27:42.993 ERROR   --- [main] c.e.demo.controllers.CartController      : Cart could not be removed, "test" not found
2020-08-27 18:27:42.995  INFO   --- [main] c.e.demo.controllers.CartController      : Items removed from the cart successfully for "test"
2020-08-27 18:27:42.995  INFO   --- [main] c.e.demo.controllers.CartController      : Card saved successfully for "test"
2020-08-27 18:27:42.997  INFO   --- [main] c.e.demo.controllers.CartController      : Items added to the cart successfully for "test"
2020-08-27 18:27:42.997  INFO   --- [main] c.e.demo.controllers.CartController      : Card saved successfully for "test"
2020-08-27 18:27:43.025 ERROR   --- [main] c.e.demo.controllers.OrderController     : Order could not be saved, "test" not found
2020-08-27 18:27:43.025 ERROR   --- [main] c.e.demo.controllers.OrderController     : Order history could not be retrieved, "test" not found
2020-08-27 18:27:43.027  INFO   --- [main] c.e.demo.controllers.OrderController     : Order saved successfully for "test"
2020-08-27 18:27:56.050  INFO 18732 --- [main] com.example.demo.SareetaApplication      : Starting SareetaApplication on LAPTOP-TTORPG8U with PID 18732 (started by Maddy in C:\Users\Maddy\Desktop\Udacity\Course - 4\Ecommerce Application)
2020-08-27 18:27:56.053  INFO 18732 --- [main] com.example.demo.SareetaApplication      : No active profile set, falling back to default profiles: default
2020-08-27 18:27:56.642  INFO 18732 --- [main] .s.d.r.c.RepositoryConfigurationDelegate : Bootstrapping Spring Data repositories in DEFAULT mode.
2020-08-27 18:27:56.705  INFO 18732 --- [main] .s.d.r.c.RepositoryConfigurationDelegate : Finished Spring Data repository scanning in 54ms. Found 4 repository interfaces.
2020-08-27 18:27:57.226  INFO 18732 --- [main] trationDelegate$BeanPostProcessorChecker : Bean 'org.springframework.transaction.annotation.ProxyTransactionManagementConfiguration' of type [org.springframework.transaction.annotation.ProxyTransactionManagementConfiguration$$EnhancerBySpringCGLIB$$9d090480] is not eligible for getting processed by all BeanPostProcessors (for example: not eligible for auto-proxying)
2020-08-27 18:27:57.702  INFO 18732 --- [main] o.s.b.w.embedded.tomcat.TomcatWebServer  : Tomcat initialized with port(s): 8080 (http)
2020-08-27 18:27:57.742  INFO 18732 --- [main] o.apache.catalina.core.StandardService   : Starting service [Tomcat]
2020-08-27 18:27:57.743  INFO 18732 --- [main] org.apache.catalina.core.StandardEngine  : Starting Servlet engine: [Apache Tomcat/9.0.19]
2020-08-27 18:27:57.862  INFO 18732 --- [main] o.a.c.c.C.[Tomcat].[localhost].[/]       : Initializing Spring embedded WebApplicationContext
2020-08-27 18:27:57.863  INFO 18732 --- [main] o.s.web.context.ContextLoader            : Root WebApplicationContext: initialization completed in 1761 ms
2020-08-27 18:27:58.111  INFO 18732 --- [main] com.zaxxer.hikari.HikariDataSource       : HikariPool-1 - Starting...
2020-08-27 18:27:58.315  INFO 18732 --- [main] com.zaxxer.hikari.HikariDataSource       : HikariPool-1 - Start completed.
2020-08-27 18:27:58.377  INFO 18732 --- [main] o.hibernate.jpa.internal.util.LogHelper  : HHH000204: Processing PersistenceUnitInfo [
	name: default
	...]
2020-08-27 18:27:58.443  INFO 18732 --- [main] org.hibernate.Version                    : HHH000412: Hibernate Core {5.3.10.Final}
2020-08-27 18:27:58.444  INFO 18732 --- [main] org.hibernate.cfg.Environment            : HHH000206: hibernate.properties not found
2020-08-27 18:27:58.573  INFO 18732 --- [main] o.hibernate.annotations.common.Version   : HCANN000001: Hibernate Commons Annotations {5.0.4.Final}
2020-08-27 18:27:58.700  INFO 18732 --- [main] org.hibernate.dialect.Dialect            : HHH000400: Using dialect: org.hibernate.dialect.H2Dialect
2020-08-27 18:27:59.409  INFO 18732 --- [main] j.LocalContainerEntityManagerFactoryBean : Initialized JPA EntityManagerFactory for persistence unit 'default'
2020-08-27 18:27:59.981  INFO 18732 --- [main] o.s.s.web.DefaultSecurityFilterChain     : Creating filter chain: any request, [org.springframework.security.web.context.request.async.WebAsyncManagerIntegrationFilter@43f71266, org.springframework.security.web.context.SecurityContextPersistenceFilter@6157fab1, org.springframework.security.web.header.HeaderWriterFilter@2dc9d188, org.springframework.web.filter.CorsFilter@202e742e, org.springframework.security.web.authentication.logout.LogoutFilter@1187447e, com.example.demo.security.JWTAuthenticationFilter@3b322fd6, com.example.demo.security.JWTAuthorizationFilter@1c632cdc, org.springframework.security.web.savedrequest.RequestCacheAwareFilter@6cb8826f, org.springframework.security.web.servletapi.SecurityContextHolderAwareRequestFilter@5dbef527, org.springframework.security.web.authentication.AnonymousAuthenticationFilter@677c6914, org.springframework.security.web.session.SessionManagementFilter@216b8690, org.springframework.security.web.access.ExceptionTranslationFilter@732fd44a, org.springframework.security.web.access.intercept.FilterSecurityInterceptor@10f69340]
2020-08-27 18:28:00.181  INFO 18732 --- [main] o.s.s.concurrent.ThreadPoolTaskExecutor  : Initializing ExecutorService 'applicationTaskExecutor'
2020-08-27 18:28:00.240  WARN 18732 --- [main] aWebConfiguration$JpaWebMvcConfiguration : spring.jpa.open-in-view is enabled by default. Therefore, database queries may be performed during view rendering. Explicitly configure spring.jpa.open-in-view to disable this warning
2020-08-27 18:28:00.529  INFO 18732 --- [main] o.s.b.w.embedded.tomcat.TomcatWebServer  : Tomcat started on port(s): 8080 (http) with context path ''
2020-08-27 18:28:00.533  INFO 18732 --- [main] com.example.demo.SareetaApplication      : Started SareetaApplication in 4.832 seconds (JVM running for 9.79)
2020-08-27 18:28:31.440  INFO 1428 --- [main] com.example.demo.SareetaApplication      : Starting SareetaApplication on LAPTOP-TTORPG8U with PID 1428 (started by Maddy in C:\Users\Maddy\Desktop\Udacity\Course - 4\Ecommerce Application)
2020-08-27 18:28:31.442  INFO 1428 --- [main] com.example.demo.SareetaApplication      : No active profile set, falling back to default profiles: default
2020-08-27 18:28:32.149  INFO 1428 --- [main] .s.d.r.c.RepositoryConfigurationDelegate : Bootstrapping Spring Data repositories in DEFAULT mode.
2020-08-27 18:28:32.220  INFO 1428 --- [main] .s.d.r.c.RepositoryConfigurationDelegate : Finished Spring Data repository scanning in 59ms. Found 4 repository interfaces.
2020-08-27 18:28:32.773  INFO 1428 --- [main] trationDelegate$BeanPostProcessorChecker : Bean 'org.springframework.transaction.annotation.ProxyTransactionManagementConfiguration' of type [org.springframework.transaction.annotation.ProxyTransactionManagementConfiguration$$EnhancerBySpringCGLIB$$f380a682] is not eligible for getting processed by all BeanPostProcessors (for example: not eligible for auto-proxying)
2020-08-27 18:28:33.070  INFO 1428 --- [main] o.s.b.w.embedded.tomcat.TomcatWebServer  : Tomcat initialized with port(s): 8080 (http)
2020-08-27 18:28:33.099  INFO 1428 --- [main] o.apache.catalina.core.StandardService   : Starting service [Tomcat]
2020-08-27 18:28:33.100  INFO 1428 --- [main] org.apache.catalina.core.StandardEngine  : Starting Servlet engine: [Apache Tomcat/9.0.19]
2020-08-27 18:28:33.187  INFO 1428 --- [main] o.a.c.c.C.[Tomcat].[localhost].[/]       : Initializing Spring embedded WebApplicationContext
2020-08-27 18:28:33.187  INFO 1428 --- [main] o.s.web.context.ContextLoader            : Root WebApplicationContext: initialization completed in 1688 ms
2020-08-27 18:28:33.383  INFO 1428 --- [main] com.zaxxer.hikari.HikariDataSource       : HikariPool-1 - Starting...
2020-08-27 18:28:33.527  INFO 1428 --- [main] com.zaxxer.hikari.HikariDataSource       : HikariPool-1 - Start completed.
2020-08-27 18:28:33.587  INFO 1428 --- [main] o.hibernate.jpa.internal.util.LogHelper  : HHH000204: Processing PersistenceUnitInfo [
	name: default
	...]
2020-08-27 18:28:33.656  INFO 1428 --- [main] org.hibernate.Version                    : HHH000412: Hibernate Core {5.3.10.Final}
2020-08-27 18:28:33.658  INFO 1428 --- [main] org.hibernate.cfg.Environment            : HHH000206: hibernate.properties not found
2020-08-27 18:28:33.790  INFO 1428 --- [main] o.hibernate.annotations.common.Version   : HCANN000001: Hibernate Commons Annotations {5.0.4.Final}
2020-08-27 18:28:33.928  INFO 1428 --- [main] org.hibernate.dialect.Dialect            : HHH000400: Using dialect: org.hibernate.dialect.H2Dialect
2020-08-27 18:28:34.568  INFO 1428 --- [main] j.LocalContainerEntityManagerFactoryBean : Initialized JPA EntityManagerFactory for persistence unit 'default'
2020-08-27 18:28:35.350  INFO 1428 --- [main] o.s.s.web.DefaultSecurityFilterChain     : Creating filter chain: any request, [org.springframework.security.web.context.request.async.WebAsyncManagerIntegrationFilter@db46186, org.springframework.security.web.context.SecurityContextPersistenceFilter@536b3e78, org.springframework.security.web.header.HeaderWriterFilter@6d5206cc, org.springframework.web.filter.CorsFilter@39cea94c, org.springframework.security.web.authentication.logout.LogoutFilter@8fad1c6, com.example.demo.security.JWTAuthenticationFilter@38668f4a, com.example.demo.security.JWTAuthorizationFilter@22d11d3b, org.springframework.security.web.savedrequest.RequestCacheAwareFilter@59c2a287, org.springframework.security.web.servletapi.SecurityContextHolderAwareRequestFilter@3b655307, org.springframework.security.web.authentication.AnonymousAuthenticationFilter@cc7f0b6, org.springframework.security.web.session.SessionManagementFilter@609eac7c, org.springframework.security.web.access.ExceptionTranslationFilter@55bd8048, org.springframework.security.web.access.intercept.FilterSecurityInterceptor@57ebb30c]
2020-08-27 18:28:35.535  INFO 1428 --- [main] o.s.s.concurrent.ThreadPoolTaskExecutor  : Initializing ExecutorService 'applicationTaskExecutor'
2020-08-27 18:28:35.589  WARN 1428 --- [main] aWebConfiguration$JpaWebMvcConfiguration : spring.jpa.open-in-view is enabled by default. Therefore, database queries may be performed during view rendering. Explicitly configure spring.jpa.open-in-view to disable this warning
2020-08-27 18:28:35.854  INFO 1428 --- [main] o.s.b.w.embedded.tomcat.TomcatWebServer  : Tomcat started on port(s): 8080 (http) with context path ''
2020-08-27 18:28:35.858  INFO 1428 --- [main] com.example.demo.SareetaApplication      : Started SareetaApplication in 4.72 seconds (JVM running for 8.133)
2020-08-27 18:28:49.650  INFO 1428 --- [http-nio-8080-exec-1] o.a.c.c.C.[Tomcat].[localhost].[/]       : Initializing Spring DispatcherServlet 'dispatcherServlet'
2020-08-27 18:28:49.651  INFO 1428 --- [http-nio-8080-exec-1] o.s.web.servlet.DispatcherServlet        : Initializing Servlet 'dispatcherServlet'
2020-08-27 18:28:49.657  INFO 1428 --- [http-nio-8080-exec-1] o.s.web.servlet.DispatcherServlet        : Completed initialization in 6 ms
2020-08-27 18:28:49.757  INFO 1428 --- [http-nio-8080-exec-1] c.e.demo.controllers.UserController      : Username assigned as "Mridul-test"
2020-08-27 18:28:49.812 ERROR 1428 --- [http-nio-8080-exec-1] c.e.demo.controllers.UserController      : Password must not be empty, must match and must be a minimum of 7 characters. Cannot create Mridul-test
2020-08-27 18:28:57.234  INFO 1428 --- [http-nio-8080-exec-4] c.e.demo.controllers.UserController      : Username assigned as "Mridul-test"
2020-08-27 18:28:57.308  INFO 1428 --- [http-nio-8080-exec-4] c.e.demo.controllers.UserController      : "Mridul-test" created successfully
2020-08-27 18:29:19.139  INFO 1428 --- [http-nio-8080-exec-5] c.e.demo.controllers.UserController      : Username assigned as ""
2020-08-27 18:29:19.204  INFO 1428 --- [http-nio-8080-exec-5] c.e.demo.controllers.UserController      : "" created successfully
2020-08-27 18:29:34.894  INFO 1428 --- [http-nio-8080-exec-6] c.e.demo.controllers.UserController      : Username assigned as "Mridul"
2020-08-27 18:29:34.959  INFO 1428 --- [http-nio-8080-exec-6] c.e.demo.controllers.UserController      : "Mridul" created successfully
2020-08-27 18:29:46.498  INFO 1428 --- [http-nio-8080-exec-7] o.h.h.i.QueryTranslatorFactoryInitiator  : HHH000397: Using ASTQueryTranslatorFactory
